<?xml version="1.0" encoding="UTF-8"?>
<robot generator="Robot 4.1.3 (Python 3.8.9 on darwin)" generated="20220119 21:25:33.512" rpa="false" schemaversion="2">
<suite id="s1" name="Amazon-Concise" source="/Users/amey/Devs/python-workspace/pythonRobotspace/robot-scripts/more readable - gherkin/tests/amazon-concise.robot">
<test id="s1-t1" name="Logged out user can search for products">
<kw name="Begin Web Test" library="Common" type="SETUP">
<kw name="Open Browser" library="SeleniumLibrary">
<arg>about:blank</arg>
<arg>safari</arg>
<doc>Opens a new browser instance to the optional ``url``.</doc>
<msg timestamp="20220119 21:25:33.628" level="INFO">Opening browser 'safari' to base url 'about:blank'.</msg>
<status status="PASS" starttime="20220119 21:25:33.628" endtime="20220119 21:25:36.362"/>
</kw>
<status status="PASS" starttime="20220119 21:25:33.628" endtime="20220119 21:25:36.362"/>
</kw>
<kw name="Given user is not logged in" library="AmazonApp">
<kw name="Log" library="BuiltIn">
<arg>Check to see whether user is logged in</arg>
<doc>Logs the given message with the given level.</doc>
<msg timestamp="20220119 21:25:36.363" level="INFO">Check to see whether user is logged in</msg>
<status status="PASS" starttime="20220119 21:25:36.363" endtime="20220119 21:25:36.363"/>
</kw>
<status status="PASS" starttime="20220119 21:25:36.363" endtime="20220119 21:25:36.363"/>
</kw>
<kw name="When user searches for products" library="AmazonApp">
<kw name="Load" library="LandingPage">
<kw name="Go To" library="SeleniumLibrary">
<arg>http://www.amazon.com</arg>
<doc>Navigates the current browser window to the provided ``url``.</doc>
<msg timestamp="20220119 21:25:36.364" level="INFO">Opening url 'http://www.amazon.com'</msg>
<status status="PASS" starttime="20220119 21:25:36.364" endtime="20220119 21:25:38.831"/>
</kw>
<status status="PASS" starttime="20220119 21:25:36.364" endtime="20220119 21:25:38.833"/>
</kw>
<kw name="Search for Products" library="TopNav">
<kw name="Enter Search Term" library="TopNav">
<kw name="Input Text" library="SeleniumLibrary">
<arg>id=twotabsearchtextbox</arg>
<arg>Ferrari 458</arg>
<doc>Types the given ``text`` into the text field identified by ``locator``.</doc>
<msg timestamp="20220119 21:25:38.842" level="INFO">Typing text 'Ferrari 458' into text field 'id=twotabsearchtextbox'.</msg>
<status status="PASS" starttime="20220119 21:25:38.836" endtime="20220119 21:25:39.563"/>
</kw>
<status status="PASS" starttime="20220119 21:25:38.836" endtime="20220119 21:25:39.563"/>
</kw>
<kw name="Submit Search" library="TopNav">
<kw name="Click Button" library="SeleniumLibrary">
<arg>xpath=//*[@id="nav-search"]/form/div[2]/div/input</arg>
<doc>Clicks the button identified by ``locator``.</doc>
<msg timestamp="20220119 21:25:39.571" level="INFO">Clicking button 'xpath=//*[@id="nav-search"]/form/div[2]/div/input'.</msg>
<status status="PASS" starttime="20220119 21:25:39.567" endtime="20220119 21:25:39.626"/>
</kw>
<status status="PASS" starttime="20220119 21:25:39.563" endtime="20220119 21:25:39.627"/>
</kw>
<status status="PASS" starttime="20220119 21:25:38.835" endtime="20220119 21:25:39.627"/>
</kw>
<status status="PASS" starttime="20220119 21:25:36.363" endtime="20220119 21:25:39.627"/>
</kw>
<kw name="Then search results contains relevant products" library="AmazonApp">
<kw name="Verify Search Completed" library="SearchResults">
<kw name="Wait Until Page Contains" library="SeleniumLibrary">
<arg>results for "Ferrari 458"</arg>
<doc>Waits until ``text`` appears on the current page.</doc>
<msg timestamp="20220119 21:25:44.799" level="INFO" html="true">&lt;/td&gt;&lt;/tr&gt;&lt;tr&gt;&lt;td colspan="3"&gt;&lt;a href="selenium-screenshot-1.png"&gt;&lt;img src="selenium-screenshot-1.png" width="800px"&gt;&lt;/a&gt;</msg>
<msg timestamp="20220119 21:25:44.805" level="FAIL">Text 'results for "Ferrari 458"' did not appear in 5 seconds.</msg>
<status status="FAIL" starttime="20220119 21:25:39.635" endtime="20220119 21:25:44.805"/>
</kw>
<status status="FAIL" starttime="20220119 21:25:39.634" endtime="20220119 21:25:44.806"/>
</kw>
<status status="FAIL" starttime="20220119 21:25:39.633" endtime="20220119 21:25:44.807"/>
</kw>
<kw name="End Web Test" library="Common" type="TEARDOWN">
<kw name="Close Browser" library="SeleniumLibrary">
<doc>Closes the current browser.</doc>
<status status="PASS" starttime="20220119 21:25:44.807" endtime="20220119 21:25:45.062"/>
</kw>
<status status="PASS" starttime="20220119 21:25:44.807" endtime="20220119 21:25:45.063"/>
</kw>
<tag>Smoke</tag>
<status status="FAIL" starttime="20220119 21:25:33.627" endtime="20220119 21:25:45.063">Text 'results for "Ferrari 458"' did not appear in 5 seconds.</status>
</test>
<test id="s1-t2" name="Logged out user can view a product">
<kw name="Begin Web Test" library="Common" type="SETUP">
<kw name="Open Browser" library="SeleniumLibrary">
<arg>about:blank</arg>
<arg>safari</arg>
<doc>Opens a new browser instance to the optional ``url``.</doc>
<msg timestamp="20220119 21:25:45.068" level="INFO">Opening browser 'safari' to base url 'about:blank'.</msg>
<status status="PASS" starttime="20220119 21:25:45.068" endtime="20220119 21:25:46.334"/>
</kw>
<status status="PASS" starttime="20220119 21:25:45.067" endtime="20220119 21:25:46.334"/>
</kw>
<kw name="Given user is not logged in" library="AmazonApp">
<kw name="Log" library="BuiltIn">
<arg>Check to see whether user is logged in</arg>
<doc>Logs the given message with the given level.</doc>
<msg timestamp="20220119 21:25:46.336" level="INFO">Check to see whether user is logged in</msg>
<status status="PASS" starttime="20220119 21:25:46.336" endtime="20220119 21:25:46.336"/>
</kw>
<status status="PASS" starttime="20220119 21:25:46.335" endtime="20220119 21:25:46.336"/>
</kw>
<kw name="When user selects a searched product" library="AmazonApp">
<doc>This 2nd level keyword calls other 1st level keywords to help simplify the test case</doc>
<kw name="user searches for products" library="AmazonApp">
<kw name="Load" library="LandingPage">
<kw name="Go To" library="SeleniumLibrary">
<arg>http://www.amazon.com</arg>
<doc>Navigates the current browser window to the provided ``url``.</doc>
<msg timestamp="20220119 21:25:46.339" level="INFO">Opening url 'http://www.amazon.com'</msg>
<status status="PASS" starttime="20220119 21:25:46.338" endtime="20220119 21:25:48.744"/>
</kw>
<status status="PASS" starttime="20220119 21:25:46.338" endtime="20220119 21:25:48.745"/>
</kw>
<kw name="Search for Products" library="TopNav">
<kw name="Enter Search Term" library="TopNav">
<kw name="Input Text" library="SeleniumLibrary">
<arg>id=twotabsearchtextbox</arg>
<arg>Ferrari 458</arg>
<doc>Types the given ``text`` into the text field identified by ``locator``.</doc>
<msg timestamp="20220119 21:25:48.746" level="INFO">Typing text 'Ferrari 458' into text field 'id=twotabsearchtextbox'.</msg>
<status status="PASS" starttime="20220119 21:25:48.746" endtime="20220119 21:25:48.845"/>
</kw>
<status status="PASS" starttime="20220119 21:25:48.745" endtime="20220119 21:25:48.845"/>
</kw>
<kw name="Submit Search" library="TopNav">
<kw name="Click Button" library="SeleniumLibrary">
<arg>xpath=//*[@id="nav-search"]/form/div[2]/div/input</arg>
<doc>Clicks the button identified by ``locator``.</doc>
<msg timestamp="20220119 21:25:48.846" level="INFO">Clicking button 'xpath=//*[@id="nav-search"]/form/div[2]/div/input'.</msg>
<status status="PASS" starttime="20220119 21:25:48.846" endtime="20220119 21:25:48.880"/>
</kw>
<status status="PASS" starttime="20220119 21:25:48.845" endtime="20220119 21:25:48.880"/>
</kw>
<status status="PASS" starttime="20220119 21:25:48.745" endtime="20220119 21:25:48.880"/>
</kw>
<status status="PASS" starttime="20220119 21:25:46.337" endtime="20220119 21:25:48.881"/>
</kw>
<kw name="search results contains relevant products" library="AmazonApp">
<kw name="Verify Search Completed" library="SearchResults">
<kw name="Wait Until Page Contains" library="SeleniumLibrary">
<arg>results for "Ferrari 458"</arg>
<doc>Waits until ``text`` appears on the current page.</doc>
<msg timestamp="20220119 21:25:54.152" level="INFO" html="true">&lt;/td&gt;&lt;/tr&gt;&lt;tr&gt;&lt;td colspan="3"&gt;&lt;a href="selenium-screenshot-2.png"&gt;&lt;img src="selenium-screenshot-2.png" width="800px"&gt;&lt;/a&gt;</msg>
<msg timestamp="20220119 21:25:54.153" level="FAIL">Text 'results for "Ferrari 458"' did not appear in 5 seconds.</msg>
<status status="FAIL" starttime="20220119 21:25:48.882" endtime="20220119 21:25:54.153"/>
</kw>
<status status="FAIL" starttime="20220119 21:25:48.881" endtime="20220119 21:25:54.154"/>
</kw>
<status status="FAIL" starttime="20220119 21:25:48.881" endtime="20220119 21:25:54.154"/>
</kw>
<kw name="user selects a product from search results" library="AmazonApp">
<status status="NOT RUN" starttime="20220119 21:25:54.154" endtime="20220119 21:25:54.154"/>
</kw>
<status status="FAIL" starttime="20220119 21:25:46.337" endtime="20220119 21:25:54.154"/>
</kw>
<kw name="Then correct product page loads" library="AmazonApp">
<status status="NOT RUN" starttime="20220119 21:25:54.155" endtime="20220119 21:25:54.155"/>
</kw>
<kw name="End Web Test" library="Common" type="TEARDOWN">
<kw name="Close Browser" library="SeleniumLibrary">
<doc>Closes the current browser.</doc>
<status status="PASS" starttime="20220119 21:25:54.155" endtime="20220119 21:25:54.386"/>
</kw>
<status status="PASS" starttime="20220119 21:25:54.155" endtime="20220119 21:25:54.387"/>
</kw>
<tag>Smoke</tag>
<status status="FAIL" starttime="20220119 21:25:45.066" endtime="20220119 21:25:54.387">Text 'results for "Ferrari 458"' did not appear in 5 seconds.</status>
</test>
<test id="s1-t3" name="Logged out user can add product to cart">
<kw name="Begin Web Test" library="Common" type="SETUP">
<kw name="Open Browser" library="SeleniumLibrary">
<arg>about:blank</arg>
<arg>safari</arg>
<doc>Opens a new browser instance to the optional ``url``.</doc>
<msg timestamp="20220119 21:25:54.390" level="INFO">Opening browser 'safari' to base url 'about:blank'.</msg>
<status status="PASS" starttime="20220119 21:25:54.390" endtime="20220119 21:25:55.601"/>
</kw>
<status status="PASS" starttime="20220119 21:25:54.389" endtime="20220119 21:25:55.602"/>
</kw>
<kw name="Given user is not logged in" library="AmazonApp">
<kw name="Log" library="BuiltIn">
<arg>Check to see whether user is logged in</arg>
<doc>Logs the given message with the given level.</doc>
<msg timestamp="20220119 21:25:55.602" level="INFO">Check to see whether user is logged in</msg>
<status status="PASS" starttime="20220119 21:25:55.602" endtime="20220119 21:25:55.602"/>
</kw>
<status status="PASS" starttime="20220119 21:25:55.602" endtime="20220119 21:25:55.602"/>
</kw>
<kw name="And user selects a searched product" library="AmazonApp">
<doc>This 2nd level keyword calls other 1st level keywords to help simplify the test case</doc>
<kw name="user searches for products" library="AmazonApp">
<kw name="Load" library="LandingPage">
<kw name="Go To" library="SeleniumLibrary">
<arg>http://www.amazon.com</arg>
<doc>Navigates the current browser window to the provided ``url``.</doc>
<msg timestamp="20220119 21:25:55.603" level="INFO">Opening url 'http://www.amazon.com'</msg>
<status status="PASS" starttime="20220119 21:25:55.603" endtime="20220119 21:25:57.881"/>
</kw>
<status status="PASS" starttime="20220119 21:25:55.603" endtime="20220119 21:25:57.881"/>
</kw>
<kw name="Search for Products" library="TopNav">
<kw name="Enter Search Term" library="TopNav">
<kw name="Input Text" library="SeleniumLibrary">
<arg>id=twotabsearchtextbox</arg>
<arg>Ferrari 458</arg>
<doc>Types the given ``text`` into the text field identified by ``locator``.</doc>
<msg timestamp="20220119 21:25:57.882" level="INFO">Typing text 'Ferrari 458' into text field 'id=twotabsearchtextbox'.</msg>
<status status="PASS" starttime="20220119 21:25:57.882" endtime="20220119 21:25:58.627"/>
</kw>
<status status="PASS" starttime="20220119 21:25:57.882" endtime="20220119 21:25:58.627"/>
</kw>
<kw name="Submit Search" library="TopNav">
<kw name="Click Button" library="SeleniumLibrary">
<arg>xpath=//*[@id="nav-search"]/form/div[2]/div/input</arg>
<doc>Clicks the button identified by ``locator``.</doc>
<msg timestamp="20220119 21:25:58.628" level="INFO">Clicking button 'xpath=//*[@id="nav-search"]/form/div[2]/div/input'.</msg>
<status status="PASS" starttime="20220119 21:25:58.628" endtime="20220119 21:25:58.650"/>
</kw>
<status status="PASS" starttime="20220119 21:25:58.627" endtime="20220119 21:25:58.651"/>
</kw>
<status status="PASS" starttime="20220119 21:25:57.881" endtime="20220119 21:25:58.651"/>
</kw>
<status status="PASS" starttime="20220119 21:25:55.603" endtime="20220119 21:25:58.651"/>
</kw>
<kw name="search results contains relevant products" library="AmazonApp">
<kw name="Verify Search Completed" library="SearchResults">
<kw name="Wait Until Page Contains" library="SeleniumLibrary">
<arg>results for "Ferrari 458"</arg>
<doc>Waits until ``text`` appears on the current page.</doc>
<msg timestamp="20220119 21:26:03.881" level="INFO" html="true">&lt;/td&gt;&lt;/tr&gt;&lt;tr&gt;&lt;td colspan="3"&gt;&lt;a href="selenium-screenshot-3.png"&gt;&lt;img src="selenium-screenshot-3.png" width="800px"&gt;&lt;/a&gt;</msg>
<msg timestamp="20220119 21:26:03.884" level="FAIL">Text 'results for "Ferrari 458"' did not appear in 5 seconds.</msg>
<status status="FAIL" starttime="20220119 21:25:58.652" endtime="20220119 21:26:03.884"/>
</kw>
<status status="FAIL" starttime="20220119 21:25:58.652" endtime="20220119 21:26:03.885"/>
</kw>
<status status="FAIL" starttime="20220119 21:25:58.651" endtime="20220119 21:26:03.885"/>
</kw>
<kw name="user selects a product from search results" library="AmazonApp">
<status status="NOT RUN" starttime="20220119 21:26:03.886" endtime="20220119 21:26:03.886"/>
</kw>
<status status="FAIL" starttime="20220119 21:25:55.603" endtime="20220119 21:26:03.886"/>
</kw>
<kw name="When user adds that product to their cart" library="AmazonApp">
<status status="NOT RUN" starttime="20220119 21:26:03.887" endtime="20220119 21:26:03.887"/>
</kw>
<kw name="Then the product is present in cart" library="AmazonApp">
<status status="NOT RUN" starttime="20220119 21:26:03.887" endtime="20220119 21:26:03.887"/>
</kw>
<kw name="End Web Test" library="Common" type="TEARDOWN">
<kw name="Close Browser" library="SeleniumLibrary">
<doc>Closes the current browser.</doc>
<status status="PASS" starttime="20220119 21:26:03.888" endtime="20220119 21:26:04.122"/>
</kw>
<status status="PASS" starttime="20220119 21:26:03.887" endtime="20220119 21:26:04.123"/>
</kw>
<tag>Smoke</tag>
<status status="FAIL" starttime="20220119 21:25:54.388" endtime="20220119 21:26:04.123">Text 'results for "Ferrari 458"' did not appear in 5 seconds.</status>
</test>
<test id="s1-t4" name="Logged out user must sign in to check out">
<kw name="Begin Web Test" library="Common" type="SETUP">
<kw name="Open Browser" library="SeleniumLibrary">
<arg>about:blank</arg>
<arg>safari</arg>
<doc>Opens a new browser instance to the optional ``url``.</doc>
<msg timestamp="20220119 21:26:04.126" level="INFO">Opening browser 'safari' to base url 'about:blank'.</msg>
<status status="PASS" starttime="20220119 21:26:04.125" endtime="20220119 21:26:05.471"/>
</kw>
<status status="PASS" starttime="20220119 21:26:04.125" endtime="20220119 21:26:05.472"/>
</kw>
<kw name="Given user is not logged in" library="AmazonApp">
<kw name="Log" library="BuiltIn">
<arg>Check to see whether user is logged in</arg>
<doc>Logs the given message with the given level.</doc>
<msg timestamp="20220119 21:26:05.473" level="INFO">Check to see whether user is logged in</msg>
<status status="PASS" starttime="20220119 21:26:05.473" endtime="20220119 21:26:05.473"/>
</kw>
<status status="PASS" starttime="20220119 21:26:05.473" endtime="20220119 21:26:05.474"/>
</kw>
<kw name="And user adds a product to their cart" library="AmazonApp">
<doc>This 2nd level keyword calls other 1st level keywords to help simplify the test case</doc>
<kw name="user searches for products" library="AmazonApp">
<kw name="Load" library="LandingPage">
<kw name="Go To" library="SeleniumLibrary">
<arg>http://www.amazon.com</arg>
<doc>Navigates the current browser window to the provided ``url``.</doc>
<msg timestamp="20220119 21:26:05.474" level="INFO">Opening url 'http://www.amazon.com'</msg>
<status status="PASS" starttime="20220119 21:26:05.474" endtime="20220119 21:26:07.436"/>
</kw>
<status status="PASS" starttime="20220119 21:26:05.474" endtime="20220119 21:26:07.437"/>
</kw>
<kw name="Search for Products" library="TopNav">
<kw name="Enter Search Term" library="TopNav">
<kw name="Input Text" library="SeleniumLibrary">
<arg>id=twotabsearchtextbox</arg>
<arg>Ferrari 458</arg>
<doc>Types the given ``text`` into the text field identified by ``locator``.</doc>
<msg timestamp="20220119 21:26:07.440" level="INFO">Typing text 'Ferrari 458' into text field 'id=twotabsearchtextbox'.</msg>
<status status="PASS" starttime="20220119 21:26:07.439" endtime="20220119 21:26:07.516"/>
</kw>
<status status="PASS" starttime="20220119 21:26:07.438" endtime="20220119 21:26:07.516"/>
</kw>
<kw name="Submit Search" library="TopNav">
<kw name="Click Button" library="SeleniumLibrary">
<arg>xpath=//*[@id="nav-search"]/form/div[2]/div/input</arg>
<doc>Clicks the button identified by ``locator``.</doc>
<msg timestamp="20220119 21:26:07.517" level="INFO">Clicking button 'xpath=//*[@id="nav-search"]/form/div[2]/div/input'.</msg>
<status status="PASS" starttime="20220119 21:26:07.517" endtime="20220119 21:26:07.546"/>
</kw>
<status status="PASS" starttime="20220119 21:26:07.517" endtime="20220119 21:26:07.546"/>
</kw>
<status status="PASS" starttime="20220119 21:26:07.438" endtime="20220119 21:26:07.546"/>
</kw>
<status status="PASS" starttime="20220119 21:26:05.474" endtime="20220119 21:26:07.547"/>
</kw>
<kw name="search results contains relevant products" library="AmazonApp">
<kw name="Verify Search Completed" library="SearchResults">
<kw name="Wait Until Page Contains" library="SeleniumLibrary">
<arg>results for "Ferrari 458"</arg>
<doc>Waits until ``text`` appears on the current page.</doc>
<msg timestamp="20220119 21:26:12.718" level="INFO" html="true">&lt;/td&gt;&lt;/tr&gt;&lt;tr&gt;&lt;td colspan="3"&gt;&lt;a href="selenium-screenshot-4.png"&gt;&lt;img src="selenium-screenshot-4.png" width="800px"&gt;&lt;/a&gt;</msg>
<msg timestamp="20220119 21:26:12.719" level="FAIL">Text 'results for "Ferrari 458"' did not appear in 5 seconds.</msg>
<status status="FAIL" starttime="20220119 21:26:07.548" endtime="20220119 21:26:12.719"/>
</kw>
<status status="FAIL" starttime="20220119 21:26:07.547" endtime="20220119 21:26:12.720"/>
</kw>
<status status="FAIL" starttime="20220119 21:26:07.547" endtime="20220119 21:26:12.720"/>
</kw>
<kw name="user selects a product from search results" library="AmazonApp">
<status status="NOT RUN" starttime="20220119 21:26:12.721" endtime="20220119 21:26:12.721"/>
</kw>
<kw name="correct product page loads" library="AmazonApp">
<status status="NOT RUN" starttime="20220119 21:26:12.721" endtime="20220119 21:26:12.721"/>
</kw>
<kw name="user adds that product to their cart" library="AmazonApp">
<status status="NOT RUN" starttime="20220119 21:26:12.721" endtime="20220119 21:26:12.721"/>
</kw>
<kw name="the product is present in cart" library="AmazonApp">
<status status="NOT RUN" starttime="20220119 21:26:12.721" endtime="20220119 21:26:12.721"/>
</kw>
<status status="FAIL" starttime="20220119 21:26:05.474" endtime="20220119 21:26:12.721"/>
</kw>
<kw name="When user attempts to checkout" library="AmazonApp">
<status status="NOT RUN" starttime="20220119 21:26:12.721" endtime="20220119 21:26:12.721"/>
</kw>
<kw name="Then the user is required to sign in" library="AmazonApp">
<status status="NOT RUN" starttime="20220119 21:26:12.721" endtime="20220119 21:26:12.721"/>
</kw>
<kw name="End Web Test" library="Common" type="TEARDOWN">
<kw name="Close Browser" library="SeleniumLibrary">
<doc>Closes the current browser.</doc>
<status status="PASS" starttime="20220119 21:26:12.722" endtime="20220119 21:26:12.949"/>
</kw>
<status status="PASS" starttime="20220119 21:26:12.721" endtime="20220119 21:26:12.949"/>
</kw>
<tag>Smoke</tag>
<status status="FAIL" starttime="20220119 21:26:04.124" endtime="20220119 21:26:12.949">Text 'results for "Ferrari 458"' did not appear in 5 seconds.</status>
</test>
<doc>These test cases use a 2nd level keyword to wrap up multiple 1st level keywords for brevity</doc>
<status status="FAIL" starttime="20220119 21:25:33.513" endtime="20220119 21:26:12.950"/>
</suite>
<statistics>
<total>
<stat pass="0" fail="4" skip="0">All Tests</stat>
</total>
<tag>
<stat pass="0" fail="4" skip="0">Smoke</stat>
</tag>
<suite>
<stat pass="0" fail="4" skip="0" id="s1" name="Amazon-Concise">Amazon-Concise</stat>
</suite>
</statistics>
<errors>
</errors>
</robot>
